<?xml version="1.0" encoding="UTF-8"?>
<coverage generated="1781710956862" clover="3.2.0">
  <project timestamp="1781710956862" name="All files">
    <metrics statements="147" coveredstatements="125" conditionals="91" coveredconditionals="76" methods="67" coveredmethods="62" elements="305" coveredelements="263" complexity="0" loc="147" ncloc="147" packages="14" files="26" classes="26"/>
    <package name="bookLibrary">
      <metrics statements="0" coveredstatements="0" conditionals="0" coveredconditionals="0" methods="0" coveredmethods="0"/>
      <file name="frontend" path="/home/hiroyuki/code/bookLibrary/frontend">
        <metrics statements="0" coveredstatements="0" conditionals="0" coveredconditionals="0" methods="0" coveredmethods="0"/>
      </file>
    </package>
    <package name="bookLibrary.frontend.src.components.BookTable">
      <metrics statements="44" coveredstatements="41" conditionals="29" coveredconditionals="24" methods="17" coveredmethods="17"/>
      <file name="index.tsx" path="/home/hiroyuki/code/bookLibrary/frontend/src/components/BookTable/index.tsx">
        <metrics statements="44" coveredstatements="41" conditionals="29" coveredconditionals="24" methods="17" coveredmethods="17"/>
        <line num="1" count="1" type="stmt"/>
        <line num="25" count="14" type="stmt"/>
        <line num="26" count="14" type="stmt"/>
        <line num="28" count="14" type="stmt"/>
        <line num="29" count="56" type="stmt"/>
        <line num="31" count="56" type="cond" truecount="2" falsecount="0"/>
        <line num="33" count="126" type="stmt"/>
        <line num="35" count="56" type="cond" truecount="2" falsecount="0"/>
        <line num="37" count="56" type="cond" truecount="2" falsecount="0"/>
        <line num="39" count="56" type="cond" truecount="2" falsecount="0"/>
        <line num="42" count="14" type="stmt"/>
        <line num="43" count="14" type="stmt"/>
        <line num="44" count="14" type="stmt"/>
        <line num="46" count="14" type="stmt"/>
        <line num="47" count="14" type="stmt"/>
        <line num="49" count="14" type="stmt"/>
        <line num="50" count="38" type="cond" truecount="2" falsecount="0"/>
        <line num="51" count="26" type="stmt"/>
        <line num="53" count="12" type="stmt"/>
        <line num="55" count="14" type="stmt"/>
        <line num="57" count="14" type="stmt"/>
        <line num="59" count="14" type="stmt"/>
        <line num="60" count="28" type="cond" truecount="3" falsecount="3"/>
        <line num="62" count="7" type="stmt"/>
        <line num="64" count="7" type="stmt"/>
        <line num="66" count="0" type="stmt"/>
        <line num="68" count="0" type="stmt"/>
        <line num="70" count="14" type="stmt"/>
        <line num="72" count="0" type="stmt"/>
        <line num="77" count="1" type="cond" truecount="1" falsecount="1"/>
        <line num="78" count="1" type="stmt"/>
        <line num="83" count="1" type="cond" truecount="1" falsecount="1"/>
        <line num="84" count="1" type="stmt"/>
        <line num="88" count="14" type="stmt"/>
        <line num="93" count="84" type="stmt"/>
        <line num="102" count="3" type="stmt"/>
        <line num="104" count="21" type="stmt"/>
        <line num="111" count="63" type="stmt"/>
        <line num="113" count="28" type="cond" truecount="2" falsecount="0"/>
        <line num="114" count="28" type="cond" truecount="2" falsecount="0"/>
        <line num="116" count="28" type="stmt"/>
        <line num="117" count="1" type="stmt"/>
        <line num="141" count="1" type="stmt"/>
        <line num="150" count="1" type="stmt"/>
      </file>
    </package>
    <package name="bookLibrary.frontend.src.components.GuestRoute">
      <metrics statements="4" coveredstatements="4" conditionals="2" coveredconditionals="2" methods="1" coveredmethods="1"/>
      <file name="index.tsx" path="/home/hiroyuki/code/bookLibrary/frontend/src/components/GuestRoute/index.tsx">
        <metrics statements="4" coveredstatements="4" conditionals="2" coveredconditionals="2" methods="1" coveredmethods="1"/>
        <line num="5" count="2" type="stmt"/>
        <line num="7" count="2" type="cond" truecount="2" falsecount="0"/>
        <line num="8" count="1" type="stmt"/>
        <line num="11" count="1" type="stmt"/>
      </file>
    </package>
    <package name="bookLibrary.frontend.src.components.RequireAdmin">
      <metrics statements="4" coveredstatements="4" conditionals="2" coveredconditionals="2" methods="1" coveredmethods="1"/>
      <file name="index.tsx" path="/home/hiroyuki/code/bookLibrary/frontend/src/components/RequireAdmin/index.tsx">
        <metrics statements="4" coveredstatements="4" conditionals="2" coveredconditionals="2" methods="1" coveredmethods="1"/>
        <line num="5" count="3" type="stmt"/>
        <line num="7" count="3" type="cond" truecount="2" falsecount="0"/>
        <line num="8" count="2" type="stmt"/>
        <line num="11" count="1" type="stmt"/>
      </file>
    </package>
    <package name="bookLibrary.frontend.src.components.RequireAuth">
      <metrics statements="5" coveredstatements="5" conditionals="2" coveredconditionals="2" methods="1" coveredmethods="1"/>
      <file name="index.tsx" path="/home/hiroyuki/code/bookLibrary/frontend/src/components/RequireAuth/index.tsx">
        <metrics statements="5" coveredstatements="5" conditionals="2" coveredconditionals="2" methods="1" coveredmethods="1"/>
        <line num="4" count="1" type="stmt"/>
        <line num="5" count="2" type="stmt"/>
        <line num="6" count="2" type="cond" truecount="2" falsecount="0"/>
        <line num="8" count="1" type="stmt"/>
        <line num="11" count="1" type="stmt"/>
      </file>
    </package>
    <package name="bookLibrary.frontend.src.components.ui">
      <metrics statements="20" coveredstatements="19" conditionals="31" coveredconditionals="25" methods="16" coveredmethods="15"/>
      <file name="badge.tsx" path="/home/hiroyuki/code/bookLibrary/frontend/src/components/ui/badge.tsx">
        <metrics statements="4" coveredstatements="4" conditionals="9" coveredconditionals="7" methods="2" coveredmethods="2"/>
        <line num="1" count="1" type="cond" truecount="4" falsecount="1"/>
        <line num="7" count="1" type="stmt"/>
        <line num="27" count="28" type="cond" truecount="1" falsecount="1"/>
        <line num="29" count="28" type="stmt"/>
      </file>
      <file name="button.tsx" path="/home/hiroyuki/code/bookLibrary/frontend/src/components/ui/button.tsx">
        <metrics statements="4" coveredstatements="4" conditionals="10" coveredconditionals="8" methods="2" coveredmethods="2"/>
        <line num="1" count="1" type="cond" truecount="4" falsecount="1"/>
        <line num="7" count="1" type="stmt"/>
        <line num="47" count="6" type="cond" truecount="1" falsecount="1"/>
        <line num="49" count="6" type="stmt"/>
      </file>
      <file name="progress.tsx" path="/home/hiroyuki/code/bookLibrary/frontend/src/components/ui/progress.tsx">
        <metrics statements="2" coveredstatements="2" conditionals="7" coveredconditionals="6" methods="2" coveredmethods="2"/>
        <line num="1" count="1" type="cond" truecount="4" falsecount="1"/>
        <line num="11" count="28" type="stmt"/>
      </file>
      <file name="skeleton.tsx" path="/home/hiroyuki/code/bookLibrary/frontend/src/components/ui/skeleton.tsx">
        <metrics statements="1" coveredstatements="1" conditionals="0" coveredconditionals="0" methods="1" coveredmethods="1"/>
        <line num="4" count="21" type="stmt"/>
      </file>
      <file name="table.tsx" path="/home/hiroyuki/code/bookLibrary/frontend/src/components/ui/table.tsx">
        <metrics statements="9" coveredstatements="8" conditionals="5" coveredconditionals="4" methods="9" coveredmethods="8"/>
        <line num="1" count="1" type="cond" truecount="4" falsecount="1"/>
        <line num="6" count="14" type="stmt"/>
        <line num="14" count="14" type="stmt"/>
        <line num="18" count="14" type="stmt"/>
        <line num="22" count="14" type="stmt"/>
        <line num="26" count="60" type="stmt"/>
        <line num="30" count="98" type="stmt"/>
        <line num="34" count="232" type="stmt"/>
        <line num="38" count="0" type="stmt"/>
      </file>
    </package>
    <package name="bookLibrary.frontend.src.contexts">
      <metrics statements="7" coveredstatements="6" conditionals="2" coveredconditionals="1" methods="1" coveredmethods="1"/>
      <file name="authContext.ts" path="/home/hiroyuki/code/bookLibrary/frontend/src/contexts/authContext.ts">
        <metrics statements="2" coveredstatements="2" conditionals="0" coveredconditionals="0" methods="0" coveredmethods="0"/>
        <line num="1" count="1" type="stmt"/>
        <line num="11" count="1" type="stmt"/>
      </file>
      <file name="useAuth.ts" path="/home/hiroyuki/code/bookLibrary/frontend/src/contexts/useAuth.ts">
        <metrics statements="5" coveredstatements="4" conditionals="2" coveredconditionals="1" methods="1" coveredmethods="1"/>
        <line num="1" count="1" type="stmt"/>
        <line num="6" count="7" type="stmt"/>
        <line num="8" count="7" type="cond" truecount="1" falsecount="1"/>
        <line num="9" count="0" type="stmt"/>
        <line num="12" count="7" type="stmt"/>
      </file>
    </package>
    <package name="bookLibrary.frontend.src.data">
      <metrics statements="2" coveredstatements="2" conditionals="0" coveredconditionals="0" methods="0" coveredmethods="0"/>
      <file name="booksData.ts" path="/home/hiroyuki/code/bookLibrary/frontend/src/data/booksData.ts">
        <metrics statements="1" coveredstatements="1" conditionals="0" coveredconditionals="0" methods="0" coveredmethods="0"/>
        <line num="17" count="1" type="stmt"/>
      </file>
      <file name="readingProgress.ts" path="/home/hiroyuki/code/bookLibrary/frontend/src/data/readingProgress.ts">
        <metrics statements="1" coveredstatements="1" conditionals="0" coveredconditionals="0" methods="0" coveredmethods="0"/>
        <line num="10" count="1" type="stmt"/>
      </file>
    </package>
    <package name="bookLibrary.frontend.src.features.components.PdfReader.Command">
      <metrics statements="4" coveredstatements="3" conditionals="8" coveredconditionals="8" methods="2" coveredmethods="1"/>
      <file name="index.tsx" path="/home/hiroyuki/code/bookLibrary/frontend/src/features/components/PdfReader/Command/index.tsx">
        <metrics statements="4" coveredstatements="3" conditionals="8" coveredconditionals="8" methods="2" coveredmethods="1"/>
        <line num="21" count="1" type="stmt"/>
        <line num="22" count="3" type="cond" truecount="4" falsecount="0"/>
        <line num="24" count="2" type="stmt"/>
        <line num="40" count="0" type="stmt"/>
      </file>
    </package>
    <package name="bookLibrary.frontend.src.features.components.PdfReader.ZoomToolbar">
      <metrics statements="6" coveredstatements="6" conditionals="2" coveredconditionals="2" methods="2" coveredmethods="2"/>
      <file name="index.tsx" path="/home/hiroyuki/code/bookLibrary/frontend/src/features/components/PdfReader/ZoomToolbar/index.tsx">
        <metrics statements="6" coveredstatements="6" conditionals="2" coveredconditionals="2" methods="2" coveredmethods="2"/>
        <line num="8" count="1" type="stmt"/>
        <line num="9" count="3" type="stmt"/>
        <line num="11" count="3" type="cond" truecount="2" falsecount="0"/>
        <line num="12" count="1" type="stmt"/>
        <line num="15" count="2" type="stmt"/>
        <line num="20" count="1" type="stmt"/>
      </file>
    </package>
    <package name="bookLibrary.frontend.src.hooks">
      <metrics statements="24" coveredstatements="24" conditionals="8" coveredconditionals="7" methods="14" coveredmethods="14"/>
      <file name="use-mobile.ts" path="/home/hiroyuki/code/bookLibrary/frontend/src/hooks/use-mobile.ts">
        <metrics statements="13" coveredstatements="13" conditionals="5" coveredconditionals="4" methods="6" coveredmethods="6"/>
        <line num="1" count="1" type="cond" truecount="4" falsecount="1"/>
        <line num="3" count="1" type="stmt"/>
        <line num="6" count="5" type="stmt"/>
        <line num="8" count="5" type="stmt"/>
        <line num="9" count="2" type="stmt"/>
        <line num="10" count="2" type="stmt"/>
        <line num="11" count="1" type="stmt"/>
        <line num="13" count="2" type="stmt"/>
        <line num="14" count="2" type="stmt"/>
        <line num="15" count="2" type="stmt"/>
        <line num="17" count="2" type="stmt"/>
        <line num="19" count="2" type="stmt"/>
        <line num="22" count="5" type="stmt"/>
      </file>
      <file name="useBook.ts" path="/home/hiroyuki/code/bookLibrary/frontend/src/hooks/useBook.ts">
        <metrics statements="3" coveredstatements="3" conditionals="1" coveredconditionals="1" methods="2" coveredmethods="2"/>
        <line num="9" count="2" type="stmt"/>
        <line num="11" count="1" type="stmt"/>
        <line num="14" count="2" type="stmt"/>
      </file>
      <file name="useBooks.ts" path="/home/hiroyuki/code/bookLibrary/frontend/src/hooks/useBooks.ts">
        <metrics statements="3" coveredstatements="3" conditionals="1" coveredconditionals="1" methods="2" coveredmethods="2"/>
        <line num="9" count="2" type="stmt"/>
        <line num="11" count="1" type="stmt"/>
        <line num="14" count="2" type="stmt"/>
      </file>
      <file name="useReadingProgresses.ts" path="/home/hiroyuki/code/bookLibrary/frontend/src/hooks/useReadingProgresses.ts">
        <metrics statements="3" coveredstatements="3" conditionals="1" coveredconditionals="1" methods="2" coveredmethods="2"/>
        <line num="9" count="2" type="stmt"/>
        <line num="11" count="1" type="stmt"/>
        <line num="14" count="2" type="stmt"/>
      </file>
      <file name="useUser.ts" path="/home/hiroyuki/code/bookLibrary/frontend/src/hooks/useUser.ts">
        <metrics statements="2" coveredstatements="2" conditionals="0" coveredconditionals="0" methods="2" coveredmethods="2"/>
        <line num="5" count="2" type="stmt"/>
        <line num="6" count="1" type="stmt"/>
      </file>
    </package>
    <package name="bookLibrary.frontend.src.lib">
      <metrics statements="1" coveredstatements="1" conditionals="0" coveredconditionals="0" methods="1" coveredmethods="1"/>
      <file name="utils.ts" path="/home/hiroyuki/code/bookLibrary/frontend/src/lib/utils.ts">
        <metrics statements="1" coveredstatements="1" conditionals="0" coveredconditionals="0" methods="1" coveredmethods="1"/>
        <line num="5" count="529" type="stmt"/>
      </file>
    </package>
    <package name="bookLibrary.frontend.src.mocks">
      <metrics statements="25" coveredstatements="9" conditionals="5" coveredconditionals="3" methods="10" coveredmethods="7"/>
      <file name="booksApiMock.tsx" path="/home/hiroyuki/code/bookLibrary/frontend/src/mocks/booksApiMock.tsx">
        <metrics statements="7" coveredstatements="4" conditionals="1" coveredconditionals="1" methods="3" coveredmethods="3"/>
        <line num="5" count="1" type="stmt"/>
        <line num="6" count="1" type="stmt"/>
        <line num="7" count="1" type="stmt"/>
        <line num="8" count="1" type="stmt"/>
        <line num="12" count="0" type="stmt"/>
        <line num="14" count="0" type="stmt"/>
        <line num="15" count="0" type="stmt"/>
      </file>
      <file name="readingProgressesApiMock.tsx" path="/home/hiroyuki/code/bookLibrary/frontend/src/mocks/readingProgressesApiMock.tsx">
        <metrics statements="7" coveredstatements="4" conditionals="1" coveredconditionals="1" methods="3" coveredmethods="3"/>
        <line num="5" count="1" type="stmt"/>
        <line num="6" count="1" type="stmt"/>
        <line num="7" count="1" type="stmt"/>
        <line num="8" count="1" type="stmt"/>
        <line num="11" count="0" type="stmt"/>
        <line num="13" count="0" type="stmt"/>
        <line num="14" count="0" type="stmt"/>
      </file>
      <file name="userApiMock.tsx" path="/home/hiroyuki/code/bookLibrary/frontend/src/mocks/userApiMock.tsx">
        <metrics statements="11" coveredstatements="1" conditionals="3" coveredconditionals="1" methods="4" coveredmethods="1"/>
        <line num="8" count="1" type="stmt"/>
        <line num="21" count="0" type="stmt"/>
        <line num="22" count="0" type="stmt"/>
        <line num="23" count="0" type="stmt"/>
        <line num="24" count="0" type="stmt"/>
        <line num="27" count="0" type="stmt"/>
        <line num="28" count="0" type="cond" truecount="0" falsecount="2"/>
        <line num="29" count="0" type="stmt"/>
        <line num="32" count="0" type="stmt"/>
        <line num="34" count="0" type="stmt"/>
        <line num="35" count="0" type="stmt"/>
      </file>
    </package>
    <package name="bookLibrary.frontend.test">
      <metrics statements="1" coveredstatements="1" conditionals="0" coveredconditionals="0" methods="1" coveredmethods="1"/>
      <file name="HelloWorld.tsx" path="/home/hiroyuki/code/bookLibrary/frontend/test/HelloWorld.tsx">
        <metrics statements="1" coveredstatements="1" conditionals="0" coveredconditionals="0" methods="1" coveredmethods="1"/>
        <line num="2" count="1" type="stmt"/>
      </file>
    </package>
  </project>
</coverage>
