{"/home/hiroyuki/code/bookLibrary/frontend": {"path":"/home/hiroyuki/code/bookLibrary/frontend","statementMap":{},"fnMap":{},"branchMap":{},"s":{},"f":{},"b":{},"meta":{"lastBranch":0,"lastFunction":0,"lastStatement":0,"seen":{},"fnNames":{}}}
,"/home/hiroyuki/code/bookLibrary/frontend/src/components/BookTable/index.tsx": {"path":"/home/hiroyuki/code/bookLibrary/frontend/src/components/BookTable/index.tsx","statementMap":{"0":{"start":{"line":1,"column":33},"end":{"line":1,"column":null}},"1":{"start":{"line":25,"column":17},"end":{"line":25,"column":null}},"2":{"start":{"line":26,"column":39},"end":{"line":26,"column":null}},"3":{"start":{"line":28,"column":23},"end":{"line":40,"column":null}},"4":{"start":{"line":29,"column":16},"end":{"line":29,"column":null}},"5":{"start":{"line":31,"column":24},"end":{"line":31,"column":null}},"6":{"start":{"line":33,"column":26},"end":{"line":33,"column":null}},"7":{"start":{"line":33,"column":63},"end":{"line":33,"column":86}},"8":{"start":{"line":35,"column":21},"end":{"line":35,"column":null}},"9":{"start":{"line":37,"column":24},"end":{"line":37,"column":null}},"10":{"start":{"line":39,"column":2},"end":{"line":39,"column":null}},"11":{"start":{"line":42,"column":20},"end":{"line":42,"column":40}},"12":{"start":{"line":43,"column":20},"end":{"line":43,"column":null}},"13":{"start":{"line":44,"column":25},"end":{"line":44,"column":null}},"14":{"start":{"line":46,"column":20},"end":{"line":46,"column":null}},"15":{"start":{"line":47,"column":18},"end":{"line":47,"column":null}},"16":{"start":{"line":49,"column":21},"end":{"line":54,"column":null}},"17":{"start":{"line":50,"column":2},"end":{"line":52,"column":null}},"18":{"start":{"line":51,"column":3},"end":{"line":51,"column":null}},"19":{"start":{"line":53,"column":2},"end":{"line":53,"column":null}},"20":{"start":{"line":55,"column":22},"end":{"line":55,"column":null}},"21":{"start":{"line":57,"column":18},"end":{"line":57,"column":null}},"22":{"start":{"line":59,"column":25},"end":{"line":74,"column":null}},"23":{"start":{"line":60,"column":2},"end":{"line":73,"column":null}},"24":{"start":{"line":62,"column":4},"end":{"line":62,"column":null}},"25":{"start":{"line":64,"column":4},"end":{"line":64,"column":null}},"26":{"start":{"line":66,"column":4},"end":{"line":66,"column":null}},"27":{"start":{"line":68,"column":4},"end":{"line":68,"column":null}},"28":{"start":{"line":70,"column":4},"end":{"line":70,"column":null}},"29":{"start":{"line":72,"column":4},"end":{"line":72,"column":null}},"30":{"start":{"line":77,"column":2},"end":{"line":79,"column":null}},"31":{"start":{"line":78,"column":3},"end":{"line":78,"column":null}},"32":{"start":{"line":78,"column":32},"end":{"line":78,"column":null}},"33":{"start":{"line":83,"column":2},"end":{"line":85,"column":null}},"34":{"start":{"line":84,"column":3},"end":{"line":84,"column":null}},"35":{"start":{"line":84,"column":32},"end":{"line":84,"column":null}},"36":{"start":{"line":88,"column":1},"end":{"line":181,"column":null}},"37":{"start":{"line":93,"column":6},"end":{"line":93,"column":30}},"38":{"start":{"line":102,"column":7},"end":{"line":110,"column":20}},"39":{"start":{"line":104,"column":9},"end":{"line":104,"column":null}},"40":{"start":{"line":111,"column":31},"end":{"line":111,"column":null}},"41":{"start":{"line":111,"column":68},"end":{"line":111,"column":91}},"42":{"start":{"line":113,"column":24},"end":{"line":113,"column":null}},"43":{"start":{"line":114,"column":26},"end":{"line":114,"column":null}},"44":{"start":{"line":116,"column":7},"end":{"line":117,"column":32}},"45":{"start":{"line":117,"column":47},"end":{"line":117,"column":79}},"46":{"start":{"line":141,"column":13},"end":{"line":141,"column":null}},"47":{"start":{"line":150,"column":13},"end":{"line":150,"column":null}}},"fnMap":{"0":{"name":"BookTable","decl":{"start":{"line":24,"column":16},"end":{"line":24,"column":26}},"loc":{"start":{"line":24,"column":122},"end":{"line":190,"column":null}},"line":24},"1":{"name":"(anonymous_1)","decl":{"start":{"line":28,"column":36},"end":{"line":28,"column":37}},"loc":{"start":{"line":28,"column":37},"end":{"line":40,"column":null}},"line":28},"2":{"name":"(anonymous_2)","decl":{"start":{"line":33,"column":49},"end":{"line":33,"column":50}},"loc":{"start":{"line":33,"column":63},"end":{"line":33,"column":86}},"line":33},"3":{"name":"(anonymous_3)","decl":{"start":{"line":49,"column":45},"end":{"line":49,"column":46}},"loc":{"start":{"line":49,"column":49},"end":{"line":54,"column":null}},"line":49},"4":{"name":"(anonymous_4)","decl":{"start":{"line":59,"column":25},"end":{"line":59,"column":26}},"loc":{"start":{"line":59,"column":26},"end":{"line":74,"column":null}},"line":59},"5":{"name":"handlePreviousPage","decl":{"start":{"line":76,"column":10},"end":{"line":76,"column":null}},"loc":{"start":{"line":76,"column":10},"end":{"line":80,"column":null}},"line":76},"6":{"name":"(anonymous_6)","decl":{"start":{"line":78,"column":18},"end":{"line":78,"column":19}},"loc":{"start":{"line":78,"column":32},"end":{"line":78,"column":null}},"line":78},"7":{"name":"handleNextPage","decl":{"start":{"line":82,"column":10},"end":{"line":82,"column":null}},"loc":{"start":{"line":82,"column":10},"end":{"line":86,"column":null}},"line":82},"8":{"name":"(anonymous_8)","decl":{"start":{"line":84,"column":18},"end":{"line":84,"column":19}},"loc":{"start":{"line":84,"column":32},"end":{"line":84,"column":null}},"line":84},"9":{"name":"(anonymous_9)","decl":{"start":{"line":92,"column":18},"end":{"line":92,"column":19}},"loc":{"start":{"line":93,"column":6},"end":{"line":93,"column":30}},"line":93},"10":{"name":"(anonymous_10)","decl":{"start":{"line":101,"column":36},"end":{"line":101,"column":37}},"loc":{"start":{"line":102,"column":7},"end":{"line":110,"column":20}},"line":102},"11":{"name":"(anonymous_11)","decl":{"start":{"line":103,"column":44},"end":{"line":103,"column":45}},"loc":{"start":{"line":104,"column":9},"end":{"line":104,"column":null}},"line":104},"12":{"name":"(anonymous_12)","decl":{"start":{"line":110,"column":24},"end":{"line":110,"column":25}},"loc":{"start":{"line":110,"column":25},"end":{"line":159,"column":null}},"line":110},"13":{"name":"(anonymous_13)","decl":{"start":{"line":111,"column":54},"end":{"line":111,"column":55}},"loc":{"start":{"line":111,"column":68},"end":{"line":111,"column":91}},"line":111},"14":{"name":"(anonymous_14)","decl":{"start":{"line":117,"column":41},"end":{"line":117,"column":47}},"loc":{"start":{"line":117,"column":47},"end":{"line":117,"column":79}},"line":117},"15":{"name":"(anonymous_15)","decl":{"start":{"line":140,"column":21},"end":{"line":140,"column":22}},"loc":{"start":{"line":140,"column":22},"end":{"line":142,"column":null}},"line":140},"16":{"name":"(anonymous_16)","decl":{"start":{"line":149,"column":21},"end":{"line":149,"column":22}},"loc":{"start":{"line":149,"column":22},"end":{"line":151,"column":null}},"line":149}},"branchMap":{"0":{"loc":{"start":{"line":31,"column":24},"end":{"line":31,"column":null}},"type":"binary-expr","locations":[{"start":{"line":31,"column":24},"end":{"line":31,"column":68}},{"start":{"line":31,"column":68},"end":{"line":31,"column":null}}],"line":31},"1":{"loc":{"start":{"line":35,"column":21},"end":{"line":35,"column":null}},"type":"binary-expr","locations":[{"start":{"line":35,"column":21},"end":{"line":35,"column":48}},{"start":{"line":35,"column":48},"end":{"line":35,"column":null}}],"line":35},"2":{"loc":{"start":{"line":37,"column":24},"end":{"line":37,"column":null}},"type":"binary-expr","locations":[{"start":{"line":37,"column":24},"end":{"line":37,"column":44}},{"start":{"line":37,"column":44},"end":{"line":37,"column":null}}],"line":37},"3":{"loc":{"start":{"line":39,"column":9},"end":{"line":39,"column":null}},"type":"binary-expr","locations":[{"start":{"line":39,"column":9},"end":{"line":39,"column":26}},{"start":{"line":39,"column":26},"end":{"line":39,"column":null}}],"line":39},"4":{"loc":{"start":{"line":50,"column":2},"end":{"line":52,"column":null}},"type":"if","locations":[{"start":{"line":50,"column":2},"end":{"line":52,"column":null}},{"start":{},"end":{}}],"line":50},"5":{"loc":{"start":{"line":60,"column":2},"end":{"line":73,"column":null}},"type":"switch","locations":[{"start":{"line":61,"column":3},"end":{"line":62,"column":null}},{"start":{"line":63,"column":3},"end":{"line":64,"column":null}},{"start":{"line":65,"column":3},"end":{"line":66,"column":null}},{"start":{"line":67,"column":3},"end":{"line":68,"column":null}},{"start":{"line":69,"column":3},"end":{"line":70,"column":null}},{"start":{"line":71,"column":3},"end":{"line":72,"column":null}}],"line":60},"6":{"loc":{"start":{"line":77,"column":2},"end":{"line":79,"column":null}},"type":"if","locations":[{"start":{"line":77,"column":2},"end":{"line":79,"column":null}},{"start":{},"end":{}}],"line":77},"7":{"loc":{"start":{"line":83,"column":2},"end":{"line":85,"column":null}},"type":"if","locations":[{"start":{"line":83,"column":2},"end":{"line":85,"column":null}},{"start":{},"end":{}}],"line":83},"8":{"loc":{"start":{"line":100,"column":5},"end":{"line":159,"column":null}},"type":"cond-expr","locations":[{"start":{"line":101,"column":7},"end":{"line":110,"column":20}},{"start":{"line":110,"column":7},"end":{"line":159,"column":null}}],"line":100},"9":{"loc":{"start":{"line":113,"column":24},"end":{"line":113,"column":null}},"type":"binary-expr","locations":[{"start":{"line":113,"column":24},"end":{"line":113,"column":53}},{"start":{"line":113,"column":53},"end":{"line":113,"column":null}}],"line":113},"10":{"loc":{"start":{"line":114,"column":26},"end":{"line":114,"column":null}},"type":"binary-expr","locations":[{"start":{"line":114,"column":26},"end":{"line":114,"column":53}},{"start":{"line":114,"column":53},"end":{"line":114,"column":null}}],"line":114},"11":{"loc":{"start":{"line":160,"column":5},"end":{"line":162,"column":null}},"type":"binary-expr","locations":[{"start":{"line":160,"column":5},"end":{"line":160,"column":34}},{"start":{"line":160,"column":34},"end":{"line":160,"column":null}},{"start":{"line":161,"column":5},"end":{"line":162,"column":null}}],"line":160}},"s":{"0":1,"1":14,"2":14,"3":14,"4":56,"5":56,"6":56,"7":126,"8":56,"9":56,"10":56,"11":14,"12":14,"13":14,"14":14,"15":14,"16":14,"17":38,"18":26,"19":12,"20":14,"21":14,"22":14,"23":28,"24":7,"25":7,"26":0,"27":0,"28":14,"29":0,"30":1,"31":1,"32":1,"33":1,"34":1,"35":1,"36":14,"37":84,"38":3,"39":21,"40":28,"41":63,"42":28,"43":28,"44":28,"45":1,"46":1,"47":1},"f":{"0":14,"1":56,"2":126,"3":38,"4":28,"5":1,"6":1,"7":1,"8":1,"9":84,"10":3,"11":21,"12":28,"13":63,"14":1,"15":1,"16":1},"b":{"0":[56,11],"1":[56,14],"2":[56,12],"3":[56,46],"4":[26,12],"5":[7,7,0,0,14,0],"6":[1,0],"7":[1,0],"8":[1,13],"9":[28,7],"10":[28,7],"11":[14,1,1]},"meta":{"lastBranch":12,"lastFunction":17,"lastStatement":48,"seen":{"s:1:33:1:Infinity":0,"f:24:16:24:26":0,"s:25:17:25:Infinity":1,"s:26:39:26:Infinity":2,"s:28:23:40:Infinity":3,"f:28:36:28:37":1,"s:29:16:29:Infinity":4,"s:31:24:31:Infinity":5,"b:31:24:31:68:31:68:31:Infinity":0,"s:33:26:33:Infinity":6,"f:33:49:33:50":2,"s:33:63:33:86":7,"s:35:21:35:Infinity":8,"b:35:21:35:48:35:48:35:Infinity":1,"s:37:24:37:Infinity":9,"b:37:24:37:44:37:44:37:Infinity":2,"s:39:2:39:Infinity":10,"b:39:9:39:26:39:26:39:Infinity":3,"s:42:20:42:40":11,"s:43:20:43:Infinity":12,"s:44:25:44:Infinity":13,"s:46:20:46:Infinity":14,"s:47:18:47:Infinity":15,"s:49:21:54:Infinity":16,"f:49:45:49:46":3,"b:50:2:52:Infinity:undefined:undefined:undefined:undefined":4,"s:50:2:52:Infinity":17,"s:51:3:51:Infinity":18,"s:53:2:53:Infinity":19,"s:55:22:55:Infinity":20,"s:57:18:57:Infinity":21,"s:59:25:74:Infinity":22,"f:59:25:59:26":4,"b:61:3:62:Infinity:63:3:64:Infinity:65:3:66:Infinity:67:3:68:Infinity:69:3:70:Infinity:71:3:72:Infinity":5,"s:60:2:73:Infinity":23,"s:62:4:62:Infinity":24,"s:64:4:64:Infinity":25,"s:66:4:66:Infinity":26,"s:68:4:68:Infinity":27,"s:70:4:70:Infinity":28,"s:72:4:72:Infinity":29,"f:76:10:76:Infinity":5,"b:77:2:79:Infinity:undefined:undefined:undefined:undefined":6,"s:77:2:79:Infinity":30,"s:78:3:78:Infinity":31,"f:78:18:78:19":6,"s:78:32:78:Infinity":32,"f:82:10:82:Infinity":7,"b:83:2:85:Infinity:undefined:undefined:undefined:undefined":7,"s:83:2:85:Infinity":33,"s:84:3:84:Infinity":34,"f:84:18:84:19":8,"s:84:32:84:Infinity":35,"s:88:1:181:Infinity":36,"f:92:18:92:19":9,"s:93:6:93:30":37,"b:101:7:110:20:110:7:159:Infinity":8,"f:101:36:101:37":10,"s:102:7:110:20":38,"f:103:44:103:45":11,"s:104:9:104:Infinity":39,"f:110:24:110:25":12,"s:111:31:111:Infinity":40,"f:111:54:111:55":13,"s:111:68:111:91":41,"s:113:24:113:Infinity":42,"b:113:24:113:53:113:53:113:Infinity":9,"s:114:26:114:Infinity":43,"b:114:26:114:53:114:53:114:Infinity":10,"s:116:7:117:32":44,"f:117:41:117:47":14,"s:117:47:117:79":45,"f:140:21:140:22":15,"s:141:13:141:Infinity":46,"f:149:21:149:22":16,"s:150:13:150:Infinity":47,"b:160:5:160:34:160:34:160:Infinity:161:5:162:Infinity":11},"fnNames":{}}}
,"/home/hiroyuki/code/bookLibrary/frontend/src/components/GuestRoute/index.tsx": {"path":"/home/hiroyuki/code/bookLibrary/frontend/src/components/GuestRoute/index.tsx","statementMap":{"0":{"start":{"line":5,"column":18},"end":{"line":5,"column":null}},"1":{"start":{"line":7,"column":1},"end":{"line":9,"column":null}},"2":{"start":{"line":8,"column":2},"end":{"line":8,"column":null}},"3":{"start":{"line":11,"column":1},"end":{"line":11,"column":null}}},"fnMap":{"0":{"name":"GuestRoute","decl":{"start":{"line":4,"column":24},"end":{"line":4,"column":null}},"loc":{"start":{"line":4,"column":24},"end":{"line":12,"column":null}},"line":4}},"branchMap":{"0":{"loc":{"start":{"line":7,"column":1},"end":{"line":9,"column":null}},"type":"if","locations":[{"start":{"line":7,"column":1},"end":{"line":9,"column":null}},{"start":{},"end":{}}],"line":7}},"s":{"0":2,"1":2,"2":1,"3":1},"f":{"0":2},"b":{"0":[1,1]},"meta":{"lastBranch":1,"lastFunction":1,"lastStatement":4,"seen":{"f:4:24:4:Infinity":0,"s:5:18:5:Infinity":0,"b:7:1:9:Infinity:undefined:undefined:undefined:undefined":0,"s:7:1:9:Infinity":1,"s:8:2:8:Infinity":2,"s:11:1:11:Infinity":3},"fnNames":{}}}
,"/home/hiroyuki/code/bookLibrary/frontend/src/components/RequireAdmin/index.tsx": {"path":"/home/hiroyuki/code/bookLibrary/frontend/src/components/RequireAdmin/index.tsx","statementMap":{"0":{"start":{"line":5,"column":18},"end":{"line":5,"column":null}},"1":{"start":{"line":7,"column":1},"end":{"line":9,"column":null}},"2":{"start":{"line":8,"column":2},"end":{"line":8,"column":null}},"3":{"start":{"line":11,"column":1},"end":{"line":11,"column":null}}},"fnMap":{"0":{"name":"RequireAdmin","decl":{"start":{"line":4,"column":24},"end":{"line":4,"column":null}},"loc":{"start":{"line":4,"column":24},"end":{"line":12,"column":null}},"line":4}},"branchMap":{"0":{"loc":{"start":{"line":7,"column":1},"end":{"line":9,"column":null}},"type":"if","locations":[{"start":{"line":7,"column":1},"end":{"line":9,"column":null}},{"start":{},"end":{}}],"line":7}},"s":{"0":3,"1":3,"2":2,"3":1},"f":{"0":3},"b":{"0":[2,1]},"meta":{"lastBranch":1,"lastFunction":1,"lastStatement":4,"seen":{"f:4:24:4:Infinity":0,"s:5:18:5:Infinity":0,"b:7:1:9:Infinity:undefined:undefined:undefined:undefined":0,"s:7:1:9:Infinity":1,"s:8:2:8:Infinity":2,"s:11:1:11:Infinity":3},"fnNames":{}}}
,"/home/hiroyuki/code/bookLibrary/frontend/src/components/RequireAuth/index.tsx": {"path":"/home/hiroyuki/code/bookLibrary/frontend/src/components/RequireAuth/index.tsx","statementMap":{"0":{"start":{"line":4,"column":20},"end":{"line":12,"column":null}},"1":{"start":{"line":5,"column":18},"end":{"line":5,"column":null}},"2":{"start":{"line":6,"column":1},"end":{"line":9,"column":null}},"3":{"start":{"line":8,"column":2},"end":{"line":8,"column":null}},"4":{"start":{"line":11,"column":1},"end":{"line":11,"column":null}}},"fnMap":{"0":{"name":"(anonymous_0)","decl":{"start":{"line":4,"column":20},"end":{"line":4,"column":null}},"loc":{"start":{"line":4,"column":20},"end":{"line":12,"column":null}},"line":4}},"branchMap":{"0":{"loc":{"start":{"line":6,"column":1},"end":{"line":9,"column":null}},"type":"if","locations":[{"start":{"line":6,"column":1},"end":{"line":9,"column":null}},{"start":{},"end":{}}],"line":6}},"s":{"0":1,"1":2,"2":2,"3":1,"4":1},"f":{"0":2},"b":{"0":[1,1]},"meta":{"lastBranch":1,"lastFunction":1,"lastStatement":5,"seen":{"s:4:20:12:Infinity":0,"f:4:20:4:Infinity":0,"s:5:18:5:Infinity":1,"b:6:1:9:Infinity:undefined:undefined:undefined:undefined":0,"s:6:1:9:Infinity":2,"s:8:2:8:Infinity":3,"s:11:1:11:Infinity":4},"fnNames":{}}}
,"/home/hiroyuki/code/bookLibrary/frontend/src/components/ui/badge.tsx": {"path":"/home/hiroyuki/code/bookLibrary/frontend/src/components/ui/badge.tsx","statementMap":{"0":{"start":{"line":1,"column":31},"end":{"line":1,"column":null}},"1":{"start":{"line":7,"column":22},"end":{"line":23,"column":null}},"2":{"start":{"line":27,"column":15},"end":{"line":27,"column":null}},"3":{"start":{"line":29,"column":2},"end":{"line":29,"column":null}}},"fnMap":{"0":{"name":"(anonymous_0)","decl":{"start":{"line":1,"column":31},"end":{"line":1,"column":null}},"loc":{"start":{"line":1,"column":31},"end":{"line":1,"column":null}},"line":1},"1":{"name":"Badge","decl":{"start":{"line":26,"column":9},"end":{"line":26,"column":15}},"loc":{"start":{"line":26,"column":167},"end":{"line":30,"column":null}},"line":26}},"branchMap":{"0":{"loc":{"start":{"line":1,"column":31},"end":{"line":1,"column":null}},"type":"cond-expr","locations":[{"start":{"line":1,"column":31},"end":{"line":1,"column":null}},{"start":{"line":1,"column":31},"end":{"line":1,"column":null}}],"line":1},"1":{"loc":{"start":{"line":1,"column":31},"end":{"line":1,"column":null}},"type":"binary-expr","locations":[{"start":{"line":1,"column":31},"end":{"line":1,"column":null}},{"start":{"line":1,"column":31},"end":{"line":1,"column":null}},{"start":{"line":1,"column":31},"end":{"line":1,"column":null}}],"line":1},"2":{"loc":{"start":{"line":26,"column":28},"end":{"line":26,"column":47}},"type":"default-arg","locations":[{"start":{"line":26,"column":38},"end":{"line":26,"column":47}}],"line":26},"3":{"loc":{"start":{"line":26,"column":49},"end":{"line":26,"column":64}},"type":"default-arg","locations":[{"start":{"line":26,"column":59},"end":{"line":26,"column":64}}],"line":26},"4":{"loc":{"start":{"line":27,"column":15},"end":{"line":27,"column":null}},"type":"cond-expr","locations":[{"start":{"line":27,"column":25},"end":{"line":27,"column":34}},{"start":{"line":27,"column":37},"end":{"line":27,"column":null}}],"line":27}},"s":{"0":1,"1":1,"2":28,"3":28},"f":{"0":1,"1":28},"b":{"0":[1,1],"1":[1,1,0],"2":[28],"3":[28],"4":[0,28]},"meta":{"lastBranch":5,"lastFunction":2,"lastStatement":4,"seen":{"s:1:31:1:Infinity":0,"f:1:31:1:Infinity":0,"b:1:31:1:Infinity:1:31:1:Infinity":0,"b:1:31:1:Infinity:1:31:1:Infinity:1:31:1:Infinity":1,"s:7:22:23:Infinity":1,"f:26:9:26:15":1,"b:26:38:26:47":2,"b:26:59:26:64":3,"s:27:15:27:Infinity":2,"b:27:25:27:34:27:37:27:Infinity":4,"s:29:2:29:Infinity":3},"fnNames":{}}}
,"/home/hiroyuki/code/bookLibrary/frontend/src/components/ui/button.tsx": {"path":"/home/hiroyuki/code/bookLibrary/frontend/src/components/ui/button.tsx","statementMap":{"0":{"start":{"line":1,"column":31},"end":{"line":1,"column":null}},"1":{"start":{"line":7,"column":23},"end":{"line":34,"column":null}},"2":{"start":{"line":47,"column":14},"end":{"line":47,"column":null}},"3":{"start":{"line":49,"column":1},"end":{"line":49,"column":null}}},"fnMap":{"0":{"name":"(anonymous_0)","decl":{"start":{"line":1,"column":31},"end":{"line":1,"column":null}},"loc":{"start":{"line":1,"column":31},"end":{"line":1,"column":null}},"line":1},"1":{"name":"Button","decl":{"start":{"line":37,"column":9},"end":{"line":37,"column":16}},"loc":{"start":{"line":46,"column":2},"end":{"line":50,"column":null}},"line":46}},"branchMap":{"0":{"loc":{"start":{"line":1,"column":31},"end":{"line":1,"column":null}},"type":"cond-expr","locations":[{"start":{"line":1,"column":31},"end":{"line":1,"column":null}},{"start":{"line":1,"column":31},"end":{"line":1,"column":null}}],"line":1},"1":{"loc":{"start":{"line":1,"column":31},"end":{"line":1,"column":null}},"type":"binary-expr","locations":[{"start":{"line":1,"column":31},"end":{"line":1,"column":null}},{"start":{"line":1,"column":31},"end":{"line":1,"column":null}},{"start":{"line":1,"column":31},"end":{"line":1,"column":null}}],"line":1},"2":{"loc":{"start":{"line":39,"column":1},"end":{"line":39,"column":20}},"type":"default-arg","locations":[{"start":{"line":39,"column":11},"end":{"line":39,"column":20}}],"line":39},"3":{"loc":{"start":{"line":40,"column":1},"end":{"line":40,"column":17}},"type":"default-arg","locations":[{"start":{"line":40,"column":8},"end":{"line":40,"column":17}}],"line":40},"4":{"loc":{"start":{"line":41,"column":1},"end":{"line":41,"column":16}},"type":"default-arg","locations":[{"start":{"line":41,"column":11},"end":{"line":41,"column":16}}],"line":41},"5":{"loc":{"start":{"line":47,"column":14},"end":{"line":47,"column":null}},"type":"cond-expr","locations":[{"start":{"line":47,"column":24},"end":{"line":47,"column":33}},{"start":{"line":47,"column":36},"end":{"line":47,"column":null}}],"line":47}},"s":{"0":1,"1":1,"2":6,"3":6},"f":{"0":1,"1":6},"b":{"0":[1,1],"1":[1,1,0],"2":[6],"3":[6],"4":[6],"5":[0,6]},"meta":{"lastBranch":6,"lastFunction":2,"lastStatement":4,"seen":{"s:1:31:1:Infinity":0,"f:1:31:1:Infinity":0,"b:1:31:1:Infinity:1:31:1:Infinity":0,"b:1:31:1:Infinity:1:31:1:Infinity:1:31:1:Infinity":1,"s:7:23:34:Infinity":1,"f:37:9:37:16":1,"b:39:11:39:20":2,"b:40:8:40:17":3,"b:41:11:41:16":4,"s:47:14:47:Infinity":2,"b:47:24:47:33:47:36:47:Infinity":5,"s:49:1:49:Infinity":3},"fnNames":{}}}
,"/home/hiroyuki/code/bookLibrary/frontend/src/components/ui/progress.tsx": {"path":"/home/hiroyuki/code/bookLibrary/frontend/src/components/ui/progress.tsx","statementMap":{"0":{"start":{"line":1,"column":30},"end":{"line":1,"column":null}},"1":{"start":{"line":11,"column":2},"end":{"line":23,"column":null}}},"fnMap":{"0":{"name":"(anonymous_0)","decl":{"start":{"line":1,"column":30},"end":{"line":1,"column":null}},"loc":{"start":{"line":1,"column":30},"end":{"line":1,"column":null}},"line":1},"1":{"name":"Progress","decl":{"start":{"line":6,"column":9},"end":{"line":6,"column":18}},"loc":{"start":{"line":10,"column":54},"end":{"line":27,"column":null}},"line":10}},"branchMap":{"0":{"loc":{"start":{"line":1,"column":30},"end":{"line":1,"column":null}},"type":"cond-expr","locations":[{"start":{"line":1,"column":30},"end":{"line":1,"column":null}},{"start":{"line":1,"column":30},"end":{"line":1,"column":null}}],"line":1},"1":{"loc":{"start":{"line":1,"column":30},"end":{"line":1,"column":null}},"type":"binary-expr","locations":[{"start":{"line":1,"column":30},"end":{"line":1,"column":null}},{"start":{"line":1,"column":30},"end":{"line":1,"column":null}},{"start":{"line":1,"column":30},"end":{"line":1,"column":null}}],"line":1},"2":{"loc":{"start":{"line":23,"column":50},"end":{"line":23,"column":62}},"type":"binary-expr","locations":[{"start":{"line":23,"column":50},"end":{"line":23,"column":59}},{"start":{"line":23,"column":59},"end":{"line":23,"column":62}}],"line":23}},"s":{"0":1,"1":28},"f":{"0":1,"1":28},"b":{"0":[1,1],"1":[1,1,0],"2":[28,7]},"meta":{"lastBranch":3,"lastFunction":2,"lastStatement":2,"seen":{"s:1:30:1:Infinity":0,"f:1:30:1:Infinity":0,"b:1:30:1:Infinity:1:30:1:Infinity":0,"b:1:30:1:Infinity:1:30:1:Infinity:1:30:1:Infinity":1,"f:6:9:6:18":1,"s:11:2:23:Infinity":1,"b:23:50:23:59:23:59:23:62":2},"fnNames":{}}}
,"/home/hiroyuki/code/bookLibrary/frontend/src/components/ui/skeleton.tsx": {"path":"/home/hiroyuki/code/bookLibrary/frontend/src/components/ui/skeleton.tsx","statementMap":{"0":{"start":{"line":4,"column":2},"end":{"line":8,"column":null}}},"fnMap":{"0":{"name":"Skeleton","decl":{"start":{"line":3,"column":9},"end":{"line":3,"column":18}},"loc":{"start":{"line":3,"column":70},"end":{"line":11,"column":null}},"line":3}},"branchMap":{},"s":{"0":21},"f":{"0":21},"b":{},"meta":{"lastBranch":0,"lastFunction":1,"lastStatement":1,"seen":{"f:3:9:3:18":0,"s:4:2:8:Infinity":0},"fnNames":{}}}
,"/home/hiroyuki/code/bookLibrary/frontend/src/components/ui/table.tsx": {"path":"/home/hiroyuki/code/bookLibrary/frontend/src/components/ui/table.tsx","statementMap":{"0":{"start":{"line":1,"column":31},"end":{"line":1,"column":null}},"1":{"start":{"line":6,"column":1},"end":{"line":8,"column":null}},"2":{"start":{"line":14,"column":1},"end":{"line":14,"column":null}},"3":{"start":{"line":18,"column":1},"end":{"line":18,"column":null}},"4":{"start":{"line":22,"column":1},"end":{"line":22,"column":null}},"5":{"start":{"line":26,"column":1},"end":{"line":26,"column":null}},"6":{"start":{"line":30,"column":1},"end":{"line":30,"column":null}},"7":{"start":{"line":34,"column":1},"end":{"line":34,"column":null}},"8":{"start":{"line":38,"column":1},"end":{"line":38,"column":null}}},"fnMap":{"0":{"name":"(anonymous_0)","decl":{"start":{"line":1,"column":31},"end":{"line":1,"column":null}},"loc":{"start":{"line":1,"column":31},"end":{"line":1,"column":null}},"line":1},"1":{"name":"Table","decl":{"start":{"line":5,"column":9},"end":{"line":5,"column":15}},"loc":{"start":{"line":5,"column":69},"end":{"line":11,"column":null}},"line":5},"2":{"name":"TableHeader","decl":{"start":{"line":13,"column":9},"end":{"line":13,"column":21}},"loc":{"start":{"line":13,"column":75},"end":{"line":15,"column":null}},"line":13},"3":{"name":"TableBody","decl":{"start":{"line":17,"column":9},"end":{"line":17,"column":19}},"loc":{"start":{"line":17,"column":73},"end":{"line":19,"column":null}},"line":17},"4":{"name":"TableFooter","decl":{"start":{"line":21,"column":9},"end":{"line":21,"column":21}},"loc":{"start":{"line":21,"column":75},"end":{"line":23,"column":null}},"line":21},"5":{"name":"TableRow","decl":{"start":{"line":25,"column":9},"end":{"line":25,"column":18}},"loc":{"start":{"line":25,"column":69},"end":{"line":27,"column":null}},"line":25},"6":{"name":"TableHead","decl":{"start":{"line":29,"column":9},"end":{"line":29,"column":19}},"loc":{"start":{"line":29,"column":70},"end":{"line":31,"column":null}},"line":29},"7":{"name":"TableCell","decl":{"start":{"line":33,"column":9},"end":{"line":33,"column":19}},"loc":{"start":{"line":33,"column":70},"end":{"line":35,"column":null}},"line":33},"8":{"name":"TableCaption","decl":{"start":{"line":37,"column":9},"end":{"line":37,"column":22}},"loc":{"start":{"line":37,"column":78},"end":{"line":39,"column":null}},"line":37}},"branchMap":{"0":{"loc":{"start":{"line":1,"column":31},"end":{"line":1,"column":null}},"type":"cond-expr","locations":[{"start":{"line":1,"column":31},"end":{"line":1,"column":null}},{"start":{"line":1,"column":31},"end":{"line":1,"column":null}}],"line":1},"1":{"loc":{"start":{"line":1,"column":31},"end":{"line":1,"column":null}},"type":"binary-expr","locations":[{"start":{"line":1,"column":31},"end":{"line":1,"column":null}},{"start":{"line":1,"column":31},"end":{"line":1,"column":null}},{"start":{"line":1,"column":31},"end":{"line":1,"column":null}}],"line":1}},"s":{"0":1,"1":14,"2":14,"3":14,"4":14,"5":60,"6":98,"7":232,"8":0},"f":{"0":1,"1":14,"2":14,"3":14,"4":14,"5":60,"6":98,"7":232,"8":0},"b":{"0":[1,1],"1":[1,1,0]},"meta":{"lastBranch":2,"lastFunction":9,"lastStatement":9,"seen":{"s:1:31:1:Infinity":0,"f:1:31:1:Infinity":0,"b:1:31:1:Infinity:1:31:1:Infinity":0,"b:1:31:1:Infinity:1:31:1:Infinity:1:31:1:Infinity":1,"f:5:9:5:15":1,"s:6:1:8:Infinity":1,"f:13:9:13:21":2,"s:14:1:14:Infinity":2,"f:17:9:17:19":3,"s:18:1:18:Infinity":3,"f:21:9:21:21":4,"s:22:1:22:Infinity":4,"f:25:9:25:18":5,"s:26:1:26:Infinity":5,"f:29:9:29:19":6,"s:30:1:30:Infinity":6,"f:33:9:33:19":7,"s:34:1:34:Infinity":7,"f:37:9:37:22":8,"s:38:1:38:Infinity":8},"fnNames":{}}}
,"/home/hiroyuki/code/bookLibrary/frontend/src/contexts/authContext.ts": {"path":"/home/hiroyuki/code/bookLibrary/frontend/src/contexts/authContext.ts","statementMap":{"0":{"start":{"line":1,"column":38},"end":{"line":1,"column":null}},"1":{"start":{"line":11,"column":27},"end":{"line":11,"column":81}}},"fnMap":{},"branchMap":{},"s":{"0":1,"1":1},"f":{},"b":{},"meta":{"lastBranch":0,"lastFunction":0,"lastStatement":2,"seen":{"s:1:38:1:Infinity":0,"s:11:27:11:81":1},"fnNames":{}}}
,"/home/hiroyuki/code/bookLibrary/frontend/src/contexts/useAuth.ts": {"path":"/home/hiroyuki/code/bookLibrary/frontend/src/contexts/useAuth.ts","statementMap":{"0":{"start":{"line":1,"column":35},"end":{"line":1,"column":null}},"1":{"start":{"line":6,"column":18},"end":{"line":6,"column":null}},"2":{"start":{"line":8,"column":2},"end":{"line":10,"column":null}},"3":{"start":{"line":9,"column":4},"end":{"line":9,"column":null}},"4":{"start":{"line":12,"column":2},"end":{"line":12,"column":null}}},"fnMap":{"0":{"name":"useAuth","decl":{"start":{"line":5,"column":16},"end":{"line":5,"column":null}},"loc":{"start":{"line":5,"column":16},"end":{"line":13,"column":null}},"line":5}},"branchMap":{"0":{"loc":{"start":{"line":8,"column":2},"end":{"line":10,"column":null}},"type":"if","locations":[{"start":{"line":8,"column":2},"end":{"line":10,"column":null}},{"start":{},"end":{}}],"line":8}},"s":{"0":1,"1":7,"2":7,"3":0,"4":7},"f":{"0":7},"b":{"0":[0,7]},"meta":{"lastBranch":1,"lastFunction":1,"lastStatement":5,"seen":{"s:1:35:1:Infinity":0,"f:5:16:5:Infinity":0,"s:6:18:6:Infinity":1,"b:8:2:10:Infinity:undefined:undefined:undefined:undefined":0,"s:8:2:10:Infinity":2,"s:9:4:9:Infinity":3,"s:12:2:12:Infinity":4},"fnNames":{}}}
,"/home/hiroyuki/code/bookLibrary/frontend/src/data/booksData.ts": {"path":"/home/hiroyuki/code/bookLibrary/frontend/src/data/booksData.ts","statementMap":{"0":{"start":{"line":17,"column":33},"end":{"line":401,"column":2}}},"fnMap":{},"branchMap":{},"s":{"0":1},"f":{},"b":{},"meta":{"lastBranch":0,"lastFunction":0,"lastStatement":1,"seen":{"s:17:33:401:2":0},"fnNames":{}}}
,"/home/hiroyuki/code/bookLibrary/frontend/src/data/readingProgress.ts": {"path":"/home/hiroyuki/code/bookLibrary/frontend/src/data/readingProgress.ts","statementMap":{"0":{"start":{"line":10,"column":54},"end":{"line":248,"column":2}}},"fnMap":{},"branchMap":{},"s":{"0":1},"f":{},"b":{},"meta":{"lastBranch":0,"lastFunction":0,"lastStatement":1,"seen":{"s:10:54:248:2":0},"fnNames":{}}}
,"/home/hiroyuki/code/bookLibrary/frontend/src/features/components/PdfReader/Command/index.tsx": {"path":"/home/hiroyuki/code/bookLibrary/frontend/src/features/components/PdfReader/Command/index.tsx","statementMap":{"0":{"start":{"line":21,"column":22},"end":{"line":57,"column":null}},"1":{"start":{"line":22,"column":1},"end":{"line":22,"column":null}},"2":{"start":{"line":22,"column":45},"end":{"line":22,"column":null}},"3":{"start":{"line":24,"column":1},"end":{"line":53,"column":null}},"4":{"start":{"line":40,"column":26},"end":{"line":40,"column":null}}},"fnMap":{"0":{"name":"(anonymous_0)","decl":{"start":{"line":21,"column":22},"end":{"line":21,"column":23}},"loc":{"start":{"line":21,"column":110},"end":{"line":57,"column":null}},"line":21},"1":{"name":"(anonymous_1)","decl":{"start":{"line":40,"column":15},"end":{"line":40,"column":16}},"loc":{"start":{"line":40,"column":26},"end":{"line":40,"column":null}},"line":40}},"branchMap":{"0":{"loc":{"start":{"line":22,"column":1},"end":{"line":22,"column":null}},"type":"if","locations":[{"start":{"line":22,"column":1},"end":{"line":22,"column":null}},{"start":{},"end":{}}],"line":22},"1":{"loc":{"start":{"line":22,"column":5},"end":{"line":22,"column":43}},"type":"binary-expr","locations":[{"start":{"line":22,"column":5},"end":{"line":22,"column":22}},{"start":{"line":22,"column":22},"end":{"line":22,"column":43}}],"line":22},"2":{"loc":{"start":{"line":30,"column":37},"end":{"line":30,"column":71}},"type":"binary-expr","locations":[{"start":{"line":30,"column":37},"end":{"line":30,"column":64}},{"start":{"line":30,"column":68},"end":{"line":30,"column":71}}],"line":30},"3":{"loc":{"start":{"line":51,"column":38},"end":{"line":51,"column":73}},"type":"binary-expr","locations":[{"start":{"line":51,"column":38},"end":{"line":51,"column":66}},{"start":{"line":51,"column":70},"end":{"line":51,"column":73}}],"line":51}},"s":{"0":1,"1":3,"2":1,"3":2,"4":0},"f":{"0":3,"1":0},"b":{"0":[1,2],"1":[3,3],"2":[2,1],"3":[3,1]},"meta":{"lastBranch":4,"lastFunction":2,"lastStatement":5,"seen":{"s:21:22:57:Infinity":0,"f:21:22:21:23":0,"b:22:1:22:Infinity:undefined:undefined:undefined:undefined":0,"s:22:1:22:Infinity":1,"b:22:5:22:22:22:22:22:43":1,"s:22:45:22:Infinity":2,"s:24:1:53:Infinity":3,"b:30:37:30:64:30:68:30:71":2,"f:40:15:40:16":1,"s:40:26:40:Infinity":4,"b:51:38:51:66:51:70:51:73":3},"fnNames":{}}}
,"/home/hiroyuki/code/bookLibrary/frontend/src/features/components/PdfReader/ZoomToolbar/index.tsx": {"path":"/home/hiroyuki/code/bookLibrary/frontend/src/features/components/PdfReader/ZoomToolbar/index.tsx","statementMap":{"0":{"start":{"line":8,"column":27},"end":{"line":23,"column":2}},"1":{"start":{"line":9,"column":54},"end":{"line":9,"column":null}},"2":{"start":{"line":11,"column":1},"end":{"line":13,"column":null}},"3":{"start":{"line":12,"column":2},"end":{"line":12,"column":null}},"4":{"start":{"line":15,"column":1},"end":{"line":20,"column":null}},"5":{"start":{"line":20,"column":26},"end":{"line":20,"column":57}}},"fnMap":{"0":{"name":"(anonymous_0)","decl":{"start":{"line":8,"column":27},"end":{"line":8,"column":28}},"loc":{"start":{"line":8,"column":60},"end":{"line":23,"column":2}},"line":8},"1":{"name":"(anonymous_1)","decl":{"start":{"line":20,"column":20},"end":{"line":20,"column":26}},"loc":{"start":{"line":20,"column":26},"end":{"line":20,"column":57}},"line":20}},"branchMap":{"0":{"loc":{"start":{"line":11,"column":1},"end":{"line":13,"column":null}},"type":"if","locations":[{"start":{"line":11,"column":1},"end":{"line":13,"column":null}},{"start":{},"end":{}}],"line":11}},"s":{"0":1,"1":3,"2":3,"3":1,"4":2,"5":1},"f":{"0":3,"1":1},"b":{"0":[1,2]},"meta":{"lastBranch":1,"lastFunction":2,"lastStatement":6,"seen":{"s:8:27:23:2":0,"f:8:27:8:28":0,"s:9:54:9:Infinity":1,"b:11:1:13:Infinity:undefined:undefined:undefined:undefined":0,"s:11:1:13:Infinity":2,"s:12:2:12:Infinity":3,"s:15:1:20:Infinity":4,"f:20:20:20:26":1,"s:20:26:20:57":5},"fnNames":{}}}
,"/home/hiroyuki/code/bookLibrary/frontend/src/hooks/use-mobile.ts": {"path":"/home/hiroyuki/code/bookLibrary/frontend/src/hooks/use-mobile.ts","statementMap":{"0":{"start":{"line":1,"column":31},"end":{"line":1,"column":null}},"1":{"start":{"line":3,"column":26},"end":{"line":3,"column":null}},"2":{"start":{"line":6,"column":33},"end":{"line":6,"column":null}},"3":{"start":{"line":8,"column":1},"end":{"line":20,"column":null}},"4":{"start":{"line":9,"column":14},"end":{"line":9,"column":null}},"5":{"start":{"line":10,"column":19},"end":{"line":12,"column":null}},"6":{"start":{"line":11,"column":3},"end":{"line":11,"column":null}},"7":{"start":{"line":13,"column":2},"end":{"line":13,"column":null}},"8":{"start":{"line":14,"column":25},"end":{"line":16,"column":null}},"9":{"start":{"line":15,"column":3},"end":{"line":15,"column":null}},"10":{"start":{"line":17,"column":2},"end":{"line":17,"column":null}},"11":{"start":{"line":19,"column":2},"end":{"line":19,"column":null}},"12":{"start":{"line":19,"column":15},"end":{"line":19,"column":null}},"13":{"start":{"line":22,"column":1},"end":{"line":22,"column":null}}},"fnMap":{"0":{"name":"(anonymous_0)","decl":{"start":{"line":1,"column":31},"end":{"line":1,"column":null}},"loc":{"start":{"line":1,"column":31},"end":{"line":1,"column":null}},"line":1},"1":{"name":"useIsMobile","decl":{"start":{"line":5,"column":16},"end":{"line":5,"column":null}},"loc":{"start":{"line":5,"column":16},"end":{"line":23,"column":null}},"line":5},"2":{"name":"(anonymous_2)","decl":{"start":{"line":8,"column":17},"end":{"line":8,"column":null}},"loc":{"start":{"line":8,"column":17},"end":{"line":20,"column":4}},"line":8},"3":{"name":"(anonymous_3)","decl":{"start":{"line":10,"column":19},"end":{"line":10,"column":null}},"loc":{"start":{"line":10,"column":19},"end":{"line":12,"column":null}},"line":10},"4":{"name":"(anonymous_4)","decl":{"start":{"line":14,"column":25},"end":{"line":14,"column":null}},"loc":{"start":{"line":14,"column":25},"end":{"line":16,"column":null}},"line":14},"5":{"name":"(anonymous_5)","decl":{"start":{"line":19,"column":9},"end":{"line":19,"column":15}},"loc":{"start":{"line":19,"column":15},"end":{"line":19,"column":null}},"line":19}},"branchMap":{"0":{"loc":{"start":{"line":1,"column":31},"end":{"line":1,"column":null}},"type":"cond-expr","locations":[{"start":{"line":1,"column":31},"end":{"line":1,"column":null}},{"start":{"line":1,"column":31},"end":{"line":1,"column":null}}],"line":1},"1":{"loc":{"start":{"line":1,"column":31},"end":{"line":1,"column":null}},"type":"binary-expr","locations":[{"start":{"line":1,"column":31},"end":{"line":1,"column":null}},{"start":{"line":1,"column":31},"end":{"line":1,"column":null}},{"start":{"line":1,"column":31},"end":{"line":1,"column":null}}],"line":1}},"s":{"0":1,"1":1,"2":5,"3":5,"4":2,"5":2,"6":1,"7":2,"8":2,"9":2,"10":2,"11":2,"12":1,"13":5},"f":{"0":1,"1":5,"2":2,"3":1,"4":2,"5":1},"b":{"0":[1,1],"1":[1,1,0]},"meta":{"lastBranch":2,"lastFunction":6,"lastStatement":14,"seen":{"s:1:31:1:Infinity":0,"f:1:31:1:Infinity":0,"b:1:31:1:Infinity:1:31:1:Infinity":0,"b:1:31:1:Infinity:1:31:1:Infinity:1:31:1:Infinity":1,"s:3:26:3:Infinity":1,"f:5:16:5:Infinity":1,"s:6:33:6:Infinity":2,"s:8:1:20:Infinity":3,"f:8:17:8:Infinity":2,"s:9:14:9:Infinity":4,"s:10:19:12:Infinity":5,"f:10:19:10:Infinity":3,"s:11:3:11:Infinity":6,"s:13:2:13:Infinity":7,"s:14:25:16:Infinity":8,"f:14:25:14:Infinity":4,"s:15:3:15:Infinity":9,"s:17:2:17:Infinity":10,"s:19:2:19:Infinity":11,"f:19:9:19:15":5,"s:19:15:19:Infinity":12,"s:22:1:22:Infinity":13},"fnNames":{}}}
,"/home/hiroyuki/code/bookLibrary/frontend/src/hooks/useBook.ts": {"path":"/home/hiroyuki/code/bookLibrary/frontend/src/hooks/useBook.ts","statementMap":{"0":{"start":{"line":9,"column":5},"end":{"line":12,"column":null}},"1":{"start":{"line":11,"column":17},"end":{"line":11,"column":null}},"2":{"start":{"line":14,"column":1},"end":{"line":14,"column":null}}},"fnMap":{"0":{"name":"useBook","decl":{"start":{"line":4,"column":24},"end":{"line":4,"column":32}},"loc":{"start":{"line":4,"column":42},"end":{"line":15,"column":null}},"line":4},"1":{"name":"(anonymous_1)","decl":{"start":{"line":11,"column":11},"end":{"line":11,"column":17}},"loc":{"start":{"line":11,"column":17},"end":{"line":11,"column":null}},"line":11}},"branchMap":{"0":{"loc":{"start":{"line":6,"column":8},"end":{"line":6,"column":18}},"type":"default-arg","locations":[{"start":{"line":6,"column":16},"end":{"line":6,"column":18}}],"line":6}},"s":{"0":2,"1":1,"2":2},"f":{"0":2,"1":1},"b":{"0":[2]},"meta":{"lastBranch":1,"lastFunction":2,"lastStatement":3,"seen":{"f:4:24:4:32":0,"s:9:5:12:Infinity":0,"b:6:16:6:18":0,"f:11:11:11:17":1,"s:11:17:11:Infinity":1,"s:14:1:14:Infinity":2},"fnNames":{}}}
,"/home/hiroyuki/code/bookLibrary/frontend/src/hooks/useBooks.ts": {"path":"/home/hiroyuki/code/bookLibrary/frontend/src/hooks/useBooks.ts","statementMap":{"0":{"start":{"line":9,"column":5},"end":{"line":12,"column":null}},"1":{"start":{"line":11,"column":17},"end":{"line":11,"column":null}},"2":{"start":{"line":14,"column":1},"end":{"line":14,"column":null}}},"fnMap":{"0":{"name":"useBooks","decl":{"start":{"line":4,"column":24},"end":{"line":4,"column":null}},"loc":{"start":{"line":4,"column":24},"end":{"line":15,"column":null}},"line":4},"1":{"name":"(anonymous_1)","decl":{"start":{"line":11,"column":11},"end":{"line":11,"column":17}},"loc":{"start":{"line":11,"column":17},"end":{"line":11,"column":null}},"line":11}},"branchMap":{"0":{"loc":{"start":{"line":6,"column":8},"end":{"line":6,"column":18}},"type":"default-arg","locations":[{"start":{"line":6,"column":16},"end":{"line":6,"column":18}}],"line":6}},"s":{"0":2,"1":1,"2":2},"f":{"0":2,"1":1},"b":{"0":[2]},"meta":{"lastBranch":1,"lastFunction":2,"lastStatement":3,"seen":{"f:4:24:4:Infinity":0,"s:9:5:12:Infinity":0,"b:6:16:6:18":0,"f:11:11:11:17":1,"s:11:17:11:Infinity":1,"s:14:1:14:Infinity":2},"fnNames":{}}}
,"/home/hiroyuki/code/bookLibrary/frontend/src/hooks/useReadingProgresses.ts": {"path":"/home/hiroyuki/code/bookLibrary/frontend/src/hooks/useReadingProgresses.ts","statementMap":{"0":{"start":{"line":9,"column":5},"end":{"line":12,"column":null}},"1":{"start":{"line":11,"column":17},"end":{"line":11,"column":null}},"2":{"start":{"line":14,"column":1},"end":{"line":14,"column":null}}},"fnMap":{"0":{"name":"useReadingProgresses","decl":{"start":{"line":4,"column":24},"end":{"line":4,"column":null}},"loc":{"start":{"line":4,"column":24},"end":{"line":15,"column":null}},"line":4},"1":{"name":"(anonymous_1)","decl":{"start":{"line":11,"column":11},"end":{"line":11,"column":17}},"loc":{"start":{"line":11,"column":17},"end":{"line":11,"column":null}},"line":11}},"branchMap":{"0":{"loc":{"start":{"line":6,"column":8},"end":{"line":6,"column":30}},"type":"default-arg","locations":[{"start":{"line":6,"column":28},"end":{"line":6,"column":30}}],"line":6}},"s":{"0":2,"1":1,"2":2},"f":{"0":2,"1":1},"b":{"0":[2]},"meta":{"lastBranch":1,"lastFunction":2,"lastStatement":3,"seen":{"f:4:24:4:Infinity":0,"s:9:5:12:Infinity":0,"b:6:28:6:30":0,"f:11:11:11:17":1,"s:11:17:11:Infinity":1,"s:14:1:14:Infinity":2},"fnNames":{}}}
,"/home/hiroyuki/code/bookLibrary/frontend/src/hooks/useUser.ts": {"path":"/home/hiroyuki/code/bookLibrary/frontend/src/hooks/useUser.ts","statementMap":{"0":{"start":{"line":5,"column":1},"end":{"line":7,"column":null}},"1":{"start":{"line":6,"column":30},"end":{"line":6,"column":null}}},"fnMap":{"0":{"name":"useUser","decl":{"start":{"line":4,"column":24},"end":{"line":4,"column":null}},"loc":{"start":{"line":4,"column":24},"end":{"line":8,"column":null}},"line":4},"1":{"name":"(anonymous_1)","decl":{"start":{"line":6,"column":14},"end":{"line":6,"column":15}},"loc":{"start":{"line":6,"column":30},"end":{"line":6,"column":null}},"line":6}},"branchMap":{},"s":{"0":2,"1":1},"f":{"0":2,"1":1},"b":{},"meta":{"lastBranch":0,"lastFunction":2,"lastStatement":2,"seen":{"f:4:24:4:Infinity":0,"s:5:1:7:Infinity":0,"f:6:14:6:15":1,"s:6:30:6:Infinity":1},"fnNames":{}}}
,"/home/hiroyuki/code/bookLibrary/frontend/src/lib/utils.ts": {"path":"/home/hiroyuki/code/bookLibrary/frontend/src/lib/utils.ts","statementMap":{"0":{"start":{"line":5,"column":2},"end":{"line":5,"column":null}}},"fnMap":{"0":{"name":"cn","decl":{"start":{"line":4,"column":16},"end":{"line":4,"column":19}},"loc":{"start":{"line":4,"column":42},"end":{"line":6,"column":null}},"line":4}},"branchMap":{},"s":{"0":529},"f":{"0":529},"b":{},"meta":{"lastBranch":0,"lastFunction":1,"lastStatement":1,"seen":{"f:4:16:4:19":0,"s:5:2:5:Infinity":0},"fnNames":{}}}
,"/home/hiroyuki/code/bookLibrary/frontend/src/mocks/booksApiMock.tsx": {"path":"/home/hiroyuki/code/bookLibrary/frontend/src/mocks/booksApiMock.tsx","statementMap":{"0":{"start":{"line":5,"column":1},"end":{"line":16,"column":null}},"1":{"start":{"line":6,"column":17},"end":{"line":10,"column":null}},"2":{"start":{"line":7,"column":3},"end":{"line":9,"column":null}},"3":{"start":{"line":8,"column":4},"end":{"line":8,"column":null}},"4":{"start":{"line":12,"column":2},"end":{"line":12,"column":null}},"5":{"start":{"line":14,"column":2},"end":{"line":14,"column":null}},"6":{"start":{"line":15,"column":2},"end":{"line":15,"column":null}}},"fnMap":{"0":{"name":"booksApiMock","decl":{"start":{"line":4,"column":15},"end":{"line":4,"column":28}},"loc":{"start":{"line":4,"column":42},"end":{"line":17,"column":null}},"line":4},"1":{"name":"(anonymous_1)","decl":{"start":{"line":6,"column":43},"end":{"line":6,"column":44}},"loc":{"start":{"line":6,"column":44},"end":{"line":10,"column":null}},"line":6},"2":{"name":"(anonymous_2)","decl":{"start":{"line":7,"column":14},"end":{"line":7,"column":null}},"loc":{"start":{"line":7,"column":14},"end":{"line":9,"column":6}},"line":7}},"branchMap":{"0":{"loc":{"start":{"line":4,"column":28},"end":{"line":4,"column":42}},"type":"default-arg","locations":[{"start":{"line":4,"column":38},"end":{"line":4,"column":42}}],"line":4}},"s":{"0":1,"1":1,"2":1,"3":1,"4":0,"5":0,"6":0},"f":{"0":1,"1":1,"2":1},"b":{"0":[1]},"meta":{"lastBranch":1,"lastFunction":3,"lastStatement":7,"seen":{"f:4:15:4:28":0,"b:4:38:4:42":0,"s:5:1:16:Infinity":0,"s:6:17:10:Infinity":1,"f:6:43:6:44":1,"s:7:3:9:Infinity":2,"f:7:14:7:Infinity":2,"s:8:4:8:Infinity":3,"s:12:2:12:Infinity":4,"s:14:2:14:Infinity":5,"s:15:2:15:Infinity":6},"fnNames":{}}}
,"/home/hiroyuki/code/bookLibrary/frontend/src/mocks/readingProgressesApiMock.tsx": {"path":"/home/hiroyuki/code/bookLibrary/frontend/src/mocks/readingProgressesApiMock.tsx","statementMap":{"0":{"start":{"line":5,"column":1},"end":{"line":15,"column":null}},"1":{"start":{"line":6,"column":17},"end":{"line":10,"column":null}},"2":{"start":{"line":7,"column":3},"end":{"line":9,"column":null}},"3":{"start":{"line":8,"column":4},"end":{"line":8,"column":null}},"4":{"start":{"line":11,"column":2},"end":{"line":11,"column":null}},"5":{"start":{"line":13,"column":2},"end":{"line":13,"column":null}},"6":{"start":{"line":14,"column":2},"end":{"line":14,"column":null}}},"fnMap":{"0":{"name":"readingProgressesApiMock","decl":{"start":{"line":4,"column":15},"end":{"line":4,"column":40}},"loc":{"start":{"line":4,"column":54},"end":{"line":16,"column":null}},"line":4},"1":{"name":"(anonymous_1)","decl":{"start":{"line":6,"column":54},"end":{"line":6,"column":55}},"loc":{"start":{"line":6,"column":55},"end":{"line":10,"column":null}},"line":6},"2":{"name":"(anonymous_2)","decl":{"start":{"line":7,"column":14},"end":{"line":7,"column":null}},"loc":{"start":{"line":7,"column":14},"end":{"line":9,"column":6}},"line":7}},"branchMap":{"0":{"loc":{"start":{"line":4,"column":40},"end":{"line":4,"column":54}},"type":"default-arg","locations":[{"start":{"line":4,"column":50},"end":{"line":4,"column":54}}],"line":4}},"s":{"0":1,"1":1,"2":1,"3":1,"4":0,"5":0,"6":0},"f":{"0":1,"1":1,"2":1},"b":{"0":[1]},"meta":{"lastBranch":1,"lastFunction":3,"lastStatement":7,"seen":{"f:4:15:4:40":0,"b:4:50:4:54":0,"s:5:1:15:Infinity":0,"s:6:17:10:Infinity":1,"f:6:54:6:55":1,"s:7:3:9:Infinity":2,"f:7:14:7:Infinity":2,"s:8:4:8:Infinity":3,"s:11:2:11:Infinity":4,"s:13:2:13:Infinity":5,"s:14:2:14:Infinity":6},"fnNames":{}}}
,"/home/hiroyuki/code/bookLibrary/frontend/src/mocks/userApiMock.tsx": {"path":"/home/hiroyuki/code/bookLibrary/frontend/src/mocks/userApiMock.tsx","statementMap":{"0":{"start":{"line":8,"column":23},"end":{"line":19,"column":null}},"1":{"start":{"line":21,"column":1},"end":{"line":36,"column":null}},"2":{"start":{"line":22,"column":17},"end":{"line":26,"column":null}},"3":{"start":{"line":23,"column":3},"end":{"line":25,"column":null}},"4":{"start":{"line":24,"column":4},"end":{"line":24,"column":null}},"5":{"start":{"line":27,"column":22},"end":{"line":27,"column":null}},"6":{"start":{"line":27,"column":44},"end":{"line":27,"column":null}},"7":{"start":{"line":28,"column":2},"end":{"line":30,"column":null}},"8":{"start":{"line":29,"column":3},"end":{"line":29,"column":null}},"9":{"start":{"line":32,"column":2},"end":{"line":32,"column":null}},"10":{"start":{"line":34,"column":2},"end":{"line":34,"column":null}},"11":{"start":{"line":35,"column":2},"end":{"line":35,"column":null}}},"fnMap":{"0":{"name":"userApiMock","decl":{"start":{"line":7,"column":15},"end":{"line":7,"column":27}},"loc":{"start":{"line":7,"column":53},"end":{"line":37,"column":null}},"line":7},"1":{"name":"(anonymous_1)","decl":{"start":{"line":22,"column":43},"end":{"line":22,"column":44}},"loc":{"start":{"line":22,"column":44},"end":{"line":26,"column":null}},"line":22},"2":{"name":"(anonymous_2)","decl":{"start":{"line":23,"column":14},"end":{"line":23,"column":null}},"loc":{"start":{"line":23,"column":14},"end":{"line":25,"column":6}},"line":23},"3":{"name":"(anonymous_3)","decl":{"start":{"line":27,"column":34},"end":{"line":27,"column":35}},"loc":{"start":{"line":27,"column":44},"end":{"line":27,"column":null}},"line":27}},"branchMap":{"0":{"loc":{"start":{"line":7,"column":39},"end":{"line":7,"column":53}},"type":"default-arg","locations":[{"start":{"line":7,"column":49},"end":{"line":7,"column":53}}],"line":7},"1":{"loc":{"start":{"line":28,"column":2},"end":{"line":30,"column":null}},"type":"if","locations":[{"start":{"line":28,"column":2},"end":{"line":30,"column":null}},{"start":{},"end":{}}],"line":28}},"s":{"0":1,"1":0,"2":0,"3":0,"4":0,"5":0,"6":0,"7":0,"8":0,"9":0,"10":0,"11":0},"f":{"0":1,"1":0,"2":0,"3":0},"b":{"0":[1],"1":[0,0]},"meta":{"lastBranch":2,"lastFunction":4,"lastStatement":12,"seen":{"f:7:15:7:27":0,"b:7:49:7:53":0,"s:8:23:19:Infinity":0,"s:21:1:36:Infinity":1,"s:22:17:26:Infinity":2,"f:22:43:22:44":1,"s:23:3:25:Infinity":3,"f:23:14:23:Infinity":2,"s:24:4:24:Infinity":4,"s:27:22:27:Infinity":5,"f:27:34:27:35":3,"s:27:44:27:Infinity":6,"b:28:2:30:Infinity:undefined:undefined:undefined:undefined":1,"s:28:2:30:Infinity":7,"s:29:3:29:Infinity":8,"s:32:2:32:Infinity":9,"s:34:2:34:Infinity":10,"s:35:2:35:Infinity":11},"fnNames":{}}}
,"/home/hiroyuki/code/bookLibrary/frontend/test/HelloWorld.tsx": {"path":"/home/hiroyuki/code/bookLibrary/frontend/test/HelloWorld.tsx","statementMap":{"0":{"start":{"line":2,"column":2},"end":{"line":4,"column":null}}},"fnMap":{"0":{"name":"HelloWorld","decl":{"start":{"line":1,"column":24},"end":{"line":1,"column":35}},"loc":{"start":{"line":1,"column":61},"end":{"line":7,"column":null}},"line":1}},"branchMap":{},"s":{"0":1},"f":{"0":1},"b":{},"meta":{"lastBranch":0,"lastFunction":1,"lastStatement":1,"seen":{"f:1:24:1:35":0,"s:2:2:4:Infinity":0},"fnNames":{}}}
}
